2015-11-29 11:59:10 Notice: Notice (8): Undefined property: Cake\Database\Connection::$_driver in [/var/www/html/recetas/cake/vendor/cakephp/cakephp/src/Database/Connection.php, line 730]
Trace:
Cake\Error\BaseErrorHandler::handleError() - CORE/src/Error/BaseErrorHandler.php, line 138
Cake\Database\Connection::__debugInfo() - CORE/src/Database/Connection.php, line 730
Cake\Database\Connection::__destruct() - CORE/src/Database/Connection.php, line 122
[main] - [internal], line ??



2015-11-29 11:59:37 Notice: Notice (8): Undefined property: Cake\Database\Connection::$_driver in [/var/www/html/recetas/cake/vendor/cakephp/cakephp/src/Database/Connection.php, line 730]
Trace:
Cake\Error\BaseErrorHandler::handleError() - CORE/src/Error/BaseErrorHandler.php, line 138
Cake\Database\Connection::__debugInfo() - CORE/src/Database/Connection.php, line 730
Cake\Database\Connection::__destruct() - CORE/src/Database/Connection.php, line 122
[main] - [internal], line ??



2015-11-29 11:59:50 Notice: Notice (8): Undefined property: Cake\Database\Connection::$_driver in [/var/www/html/recetas/cake/vendor/cakephp/cakephp/src/Database/Connection.php, line 730]
Trace:
Cake\Error\BaseErrorHandler::handleError() - CORE/src/Error/BaseErrorHandler.php, line 138
Cake\Database\Connection::__debugInfo() - CORE/src/Database/Connection.php, line 730
Cake\Database\Connection::__destruct() - CORE/src/Database/Connection.php, line 122
[main] - [internal], line ??



2015-11-29 12:00:35 Notice: Notice (8): Undefined property: Cake\Database\Connection::$_driver in [/var/www/html/recetas/cake/vendor/cakephp/cakephp/src/Database/Connection.php, line 730]
Trace:
Cake\Error\BaseErrorHandler::handleError() - CORE/src/Error/BaseErrorHandler.php, line 138
Cake\Database\Connection::__debugInfo() - CORE/src/Database/Connection.php, line 730
Cake\Database\Connection::__destruct() - CORE/src/Database/Connection.php, line 122
[main] - [internal], line ??



2015-11-29 12:01:33 Notice: Notice (8): Undefined property: Cake\Database\Connection::$_driver in [/var/www/html/recetas/cake/vendor/cakephp/cakephp/src/Database/Connection.php, line 730]
Trace:
Cake\Error\BaseErrorHandler::handleError() - CORE/src/Error/BaseErrorHandler.php, line 138
Cake\Database\Connection::__debugInfo() - CORE/src/Database/Connection.php, line 730
Cake\Database\Connection::__destruct() - CORE/src/Database/Connection.php, line 122
[main] - [internal], line ??



2015-11-29 12:22:29 Notice: Notice (8): Undefined variable: usuarios in [/var/www/html/recetas/cake/src/Template/Usuarios/view.ctp, line 17]
Trace:
Cake\Error\BaseErrorHandler::handleError() - CORE/src/Error/BaseErrorHandler.php, line 138
include - APP/Template/Usuarios/view.ctp, line 17
Cake\View\View::_evaluate() - CORE/src/View/View.php, line 970
Cake\View\View::_render() - CORE/src/View/View.php, line 930
Cake\View\View::render() - CORE/src/View/View.php, line 578
Cake\Controller\Controller::render() - CORE/src/Controller/Controller.php, line 611
Cake\Routing\Dispatcher::_invoke() - CORE/src/Routing/Dispatcher.php, line 120
Cake\Routing\Dispatcher::dispatch() - CORE/src/Routing/Dispatcher.php, line 87
[main] - ROOT/webroot/index.php, line 37



2015-11-29 12:24:24 Notice: Notice (8): Undefined variable: usuarios in [/var/www/html/recetas/cake/src/Template/Usuarios/view.ctp, line 17]
Trace:
Cake\Error\BaseErrorHandler::handleError() - CORE/src/Error/BaseErrorHandler.php, line 138
include - APP/Template/Usuarios/view.ctp, line 17
Cake\View\View::_evaluate() - CORE/src/View/View.php, line 970
Cake\View\View::_render() - CORE/src/View/View.php, line 930
Cake\View\View::render() - CORE/src/View/View.php, line 578
Cake\Controller\Controller::render() - CORE/src/Controller/Controller.php, line 611
Cake\Routing\Dispatcher::_invoke() - CORE/src/Routing/Dispatcher.php, line 120
Cake\Routing\Dispatcher::dispatch() - CORE/src/Routing/Dispatcher.php, line 87
[main] - ROOT/webroot/index.php, line 37



2015-11-29 13:00:26 Notice: Notice (8): Undefined variable: usuario in [/var/www/html/recetas/cake/src/Template/Usuarios/index.ctp, line 2]
Trace:
Cake\Error\BaseErrorHandler::handleError() - CORE/src/Error/BaseErrorHandler.php, line 138
include - APP/Template/Usuarios/index.ctp, line 2
Cake\View\View::_evaluate() - CORE/src/View/View.php, line 970
Cake\View\View::_render() - CORE/src/View/View.php, line 930
Cake\View\View::render() - CORE/src/View/View.php, line 578
Cake\Controller\Controller::render() - CORE/src/Controller/Controller.php, line 611
Cake\Routing\Dispatcher::_invoke() - CORE/src/Routing/Dispatcher.php, line 120
Cake\Routing\Dispatcher::dispatch() - CORE/src/Routing/Dispatcher.php, line 87
[main] - ROOT/webroot/index.php, line 37



2015-11-29 13:00:26 Notice: Notice (8): Trying to get property of non-object in [/var/www/html/recetas/cake/src/Template/Usuarios/index.ctp, line 2]
Trace:
Cake\Error\BaseErrorHandler::handleError() - CORE/src/Error/BaseErrorHandler.php, line 138
include - APP/Template/Usuarios/index.ctp, line 2
Cake\View\View::_evaluate() - CORE/src/View/View.php, line 970
Cake\View\View::_render() - CORE/src/View/View.php, line 930
Cake\View\View::render() - CORE/src/View/View.php, line 578
Cake\Controller\Controller::render() - CORE/src/Controller/Controller.php, line 611
Cake\Routing\Dispatcher::_invoke() - CORE/src/Routing/Dispatcher.php, line 120
Cake\Routing\Dispatcher::dispatch() - CORE/src/Routing/Dispatcher.php, line 87
[main] - ROOT/webroot/index.php, line 37



2015-11-29 13:00:26 Notice: Notice (8): Undefined variable: usuario in [/var/www/html/recetas/cake/src/Template/Usuarios/index.ctp, line 6]
Trace:
Cake\Error\BaseErrorHandler::handleError() - CORE/src/Error/BaseErrorHandler.php, line 138
include - APP/Template/Usuarios/index.ctp, line 6
Cake\View\View::_evaluate() - CORE/src/View/View.php, line 970
Cake\View\View::_render() - CORE/src/View/View.php, line 930
Cake\View\View::render() - CORE/src/View/View.php, line 578
Cake\Controller\Controller::render() - CORE/src/Controller/Controller.php, line 611
Cake\Routing\Dispatcher::_invoke() - CORE/src/Routing/Dispatcher.php, line 120
Cake\Routing\Dispatcher::dispatch() - CORE/src/Routing/Dispatcher.php, line 87
[main] - ROOT/webroot/index.php, line 37



2015-11-29 13:00:26 Notice: Notice (8): Trying to get property of non-object in [/var/www/html/recetas/cake/src/Template/Usuarios/index.ctp, line 6]
Trace:
Cake\Error\BaseErrorHandler::handleError() - CORE/src/Error/BaseErrorHandler.php, line 138
include - APP/Template/Usuarios/index.ctp, line 6
Cake\View\View::_evaluate() - CORE/src/View/View.php, line 970
Cake\View\View::_render() - CORE/src/View/View.php, line 930
Cake\View\View::render() - CORE/src/View/View.php, line 578
Cake\Controller\Controller::render() - CORE/src/Controller/Controller.php, line 611
Cake\Routing\Dispatcher::_invoke() - CORE/src/Routing/Dispatcher.php, line 120
Cake\Routing\Dispatcher::dispatch() - CORE/src/Routing/Dispatcher.php, line 87
[main] - ROOT/webroot/index.php, line 37



2015-11-29 13:00:26 Notice: Notice (8): Undefined variable: usuario in [/var/www/html/recetas/cake/src/Template/Usuarios/index.ctp, line 10]
Trace:
Cake\Error\BaseErrorHandler::handleError() - CORE/src/Error/BaseErrorHandler.php, line 138
include - APP/Template/Usuarios/index.ctp, line 10
Cake\View\View::_evaluate() - CORE/src/View/View.php, line 970
Cake\View\View::_render() - CORE/src/View/View.php, line 930
Cake\View\View::render() - CORE/src/View/View.php, line 578
Cake\Controller\Controller::render() - CORE/src/Controller/Controller.php, line 611
Cake\Routing\Dispatcher::_invoke() - CORE/src/Routing/Dispatcher.php, line 120
Cake\Routing\Dispatcher::dispatch() - CORE/src/Routing/Dispatcher.php, line 87
[main] - ROOT/webroot/index.php, line 37



2015-11-29 13:00:26 Notice: Notice (8): Trying to get property of non-object in [/var/www/html/recetas/cake/src/Template/Usuarios/index.ctp, line 10]
Trace:
Cake\Error\BaseErrorHandler::handleError() - CORE/src/Error/BaseErrorHandler.php, line 138
include - APP/Template/Usuarios/index.ctp, line 10
Cake\View\View::_evaluate() - CORE/src/View/View.php, line 970
Cake\View\View::_render() - CORE/src/View/View.php, line 930
Cake\View\View::render() - CORE/src/View/View.php, line 578
Cake\Controller\Controller::render() - CORE/src/Controller/Controller.php, line 611
Cake\Routing\Dispatcher::_invoke() - CORE/src/Routing/Dispatcher.php, line 120
Cake\Routing\Dispatcher::dispatch() - CORE/src/Routing/Dispatcher.php, line 87
[main] - ROOT/webroot/index.php, line 37



2015-11-29 13:00:26 Notice: Notice (8): Undefined variable: rol in [/var/www/html/recetas/cake/src/Template/Usuarios/index.ctp, line 38]
Trace:
Cake\Error\BaseErrorHandler::handleError() - CORE/src/Error/BaseErrorHandler.php, line 138
include - APP/Template/Usuarios/index.ctp, line 38
Cake\View\View::_evaluate() - CORE/src/View/View.php, line 970
Cake\View\View::_render() - CORE/src/View/View.php, line 930
Cake\View\View::render() - CORE/src/View/View.php, line 578
Cake\Controller\Controller::render() - CORE/src/Controller/Controller.php, line 611
Cake\Routing\Dispatcher::_invoke() - CORE/src/Routing/Dispatcher.php, line 120
Cake\Routing\Dispatcher::dispatch() - CORE/src/Routing/Dispatcher.php, line 87
[main] - ROOT/webroot/index.php, line 37



2015-11-29 22:45:12 Notice: Notice (8): Undefined variable: cliente in [/var/www/html/recetas/cake/src/Template/Usuarios/view.ctp, line 9]
Trace:
Cake\Error\BaseErrorHandler::handleError() - CORE/src/Error/BaseErrorHandler.php, line 138
include - APP/Template/Usuarios/view.ctp, line 9
Cake\View\View::_evaluate() - CORE/src/View/View.php, line 970
Cake\View\View::_render() - CORE/src/View/View.php, line 930
Cake\View\View::render() - CORE/src/View/View.php, line 578
Cake\Controller\Controller::render() - CORE/src/Controller/Controller.php, line 611
Cake\Routing\Dispatcher::_invoke() - CORE/src/Routing/Dispatcher.php, line 120
Cake\Routing\Dispatcher::dispatch() - CORE/src/Routing/Dispatcher.php, line 87
[main] - ROOT/webroot/index.php, line 37



2015-11-29 22:45:13 Notice: Notice (8): Trying to get property of non-object in [/var/www/html/recetas/cake/src/Template/Usuarios/view.ctp, line 9]
Trace:
Cake\Error\BaseErrorHandler::handleError() - CORE/src/Error/BaseErrorHandler.php, line 138
include - APP/Template/Usuarios/view.ctp, line 9
Cake\View\View::_evaluate() - CORE/src/View/View.php, line 970
Cake\View\View::_render() - CORE/src/View/View.php, line 930
Cake\View\View::render() - CORE/src/View/View.php, line 578
Cake\Controller\Controller::render() - CORE/src/Controller/Controller.php, line 611
Cake\Routing\Dispatcher::_invoke() - CORE/src/Routing/Dispatcher.php, line 120
Cake\Routing\Dispatcher::dispatch() - CORE/src/Routing/Dispatcher.php, line 87
[main] - ROOT/webroot/index.php, line 37



2015-11-29 22:45:13 Notice: Notice (8): Undefined variable: cliente in [/var/www/html/recetas/cake/src/Template/Usuarios/view.ctp, line 9]
Trace:
Cake\Error\BaseErrorHandler::handleError() - CORE/src/Error/BaseErrorHandler.php, line 138
include - APP/Template/Usuarios/view.ctp, line 9
Cake\View\View::_evaluate() - CORE/src/View/View.php, line 970
Cake\View\View::_render() - CORE/src/View/View.php, line 930
Cake\View\View::render() - CORE/src/View/View.php, line 578
Cake\Controller\Controller::render() - CORE/src/Controller/Controller.php, line 611
Cake\Routing\Dispatcher::_invoke() - CORE/src/Routing/Dispatcher.php, line 120
Cake\Routing\Dispatcher::dispatch() - CORE/src/Routing/Dispatcher.php, line 87
[main] - ROOT/webroot/index.php, line 37



2015-11-29 22:45:13 Notice: Notice (8): Trying to get property of non-object in [/var/www/html/recetas/cake/src/Template/Usuarios/view.ctp, line 9]
Trace:
Cake\Error\BaseErrorHandler::handleError() - CORE/src/Error/BaseErrorHandler.php, line 138
include - APP/Template/Usuarios/view.ctp, line 9
Cake\View\View::_evaluate() - CORE/src/View/View.php, line 970
Cake\View\View::_render() - CORE/src/View/View.php, line 930
Cake\View\View::render() - CORE/src/View/View.php, line 578
Cake\Controller\Controller::render() - CORE/src/Controller/Controller.php, line 611
Cake\Routing\Dispatcher::_invoke() - CORE/src/Routing/Dispatcher.php, line 120
Cake\Routing\Dispatcher::dispatch() - CORE/src/Routing/Dispatcher.php, line 87
[main] - ROOT/webroot/index.php, line 37



2015-11-29 22:45:57 Notice: Notice (8): Undefined variable: cliente in [/var/www/html/recetas/cake/src/Template/Usuarios/view.ctp, line 9]
Trace:
Cake\Error\BaseErrorHandler::handleError() - CORE/src/Error/BaseErrorHandler.php, line 138
include - APP/Template/Usuarios/view.ctp, line 9
Cake\View\View::_evaluate() - CORE/src/View/View.php, line 970
Cake\View\View::_render() - CORE/src/View/View.php, line 930
Cake\View\View::render() - CORE/src/View/View.php, line 578
Cake\Controller\Controller::render() - CORE/src/Controller/Controller.php, line 611
Cake\Routing\Dispatcher::_invoke() - CORE/src/Routing/Dispatcher.php, line 120
Cake\Routing\Dispatcher::dispatch() - CORE/src/Routing/Dispatcher.php, line 87
[main] - ROOT/webroot/index.php, line 37



2015-11-29 22:45:57 Notice: Notice (8): Trying to get property of non-object in [/var/www/html/recetas/cake/src/Template/Usuarios/view.ctp, line 9]
Trace:
Cake\Error\BaseErrorHandler::handleError() - CORE/src/Error/BaseErrorHandler.php, line 138
include - APP/Template/Usuarios/view.ctp, line 9
Cake\View\View::_evaluate() - CORE/src/View/View.php, line 970
Cake\View\View::_render() - CORE/src/View/View.php, line 930
Cake\View\View::render() - CORE/src/View/View.php, line 578
Cake\Controller\Controller::render() - CORE/src/Controller/Controller.php, line 611
Cake\Routing\Dispatcher::_invoke() - CORE/src/Routing/Dispatcher.php, line 120
Cake\Routing\Dispatcher::dispatch() - CORE/src/Routing/Dispatcher.php, line 87
[main] - ROOT/webroot/index.php, line 37



2015-11-29 22:45:57 Notice: Notice (8): Undefined variable: cliente in [/var/www/html/recetas/cake/src/Template/Usuarios/view.ctp, line 9]
Trace:
Cake\Error\BaseErrorHandler::handleError() - CORE/src/Error/BaseErrorHandler.php, line 138
include - APP/Template/Usuarios/view.ctp, line 9
Cake\View\View::_evaluate() - CORE/src/View/View.php, line 970
Cake\View\View::_render() - CORE/src/View/View.php, line 930
Cake\View\View::render() - CORE/src/View/View.php, line 578
Cake\Controller\Controller::render() - CORE/src/Controller/Controller.php, line 611
Cake\Routing\Dispatcher::_invoke() - CORE/src/Routing/Dispatcher.php, line 120
Cake\Routing\Dispatcher::dispatch() - CORE/src/Routing/Dispatcher.php, line 87
[main] - ROOT/webroot/index.php, line 37



2015-11-29 22:45:57 Notice: Notice (8): Trying to get property of non-object in [/var/www/html/recetas/cake/src/Template/Usuarios/view.ctp, line 9]
Trace:
Cake\Error\BaseErrorHandler::handleError() - CORE/src/Error/BaseErrorHandler.php, line 138
include - APP/Template/Usuarios/view.ctp, line 9
Cake\View\View::_evaluate() - CORE/src/View/View.php, line 970
Cake\View\View::_render() - CORE/src/View/View.php, line 930
Cake\View\View::render() - CORE/src/View/View.php, line 578
Cake\Controller\Controller::render() - CORE/src/Controller/Controller.php, line 611
Cake\Routing\Dispatcher::_invoke() - CORE/src/Routing/Dispatcher.php, line 120
Cake\Routing\Dispatcher::dispatch() - CORE/src/Routing/Dispatcher.php, line 87
[main] - ROOT/webroot/index.php, line 37



2015-11-29 22:46:30 Notice: Notice (8): Undefined variable: cliente in [/var/www/html/recetas/cake/src/Template/Usuarios/view.ctp, line 9]
Trace:
Cake\Error\BaseErrorHandler::handleError() - CORE/src/Error/BaseErrorHandler.php, line 138
include - APP/Template/Usuarios/view.ctp, line 9
Cake\View\View::_evaluate() - CORE/src/View/View.php, line 970
Cake\View\View::_render() - CORE/src/View/View.php, line 930
Cake\View\View::render() - CORE/src/View/View.php, line 578
Cake\Controller\Controller::render() - CORE/src/Controller/Controller.php, line 611
Cake\Routing\Dispatcher::_invoke() - CORE/src/Routing/Dispatcher.php, line 120
Cake\Routing\Dispatcher::dispatch() - CORE/src/Routing/Dispatcher.php, line 87
[main] - ROOT/webroot/index.php, line 37



2015-11-29 22:46:30 Notice: Notice (8): Trying to get property of non-object in [/var/www/html/recetas/cake/src/Template/Usuarios/view.ctp, line 9]
Trace:
Cake\Error\BaseErrorHandler::handleError() - CORE/src/Error/BaseErrorHandler.php, line 138
include - APP/Template/Usuarios/view.ctp, line 9
Cake\View\View::_evaluate() - CORE/src/View/View.php, line 970
Cake\View\View::_render() - CORE/src/View/View.php, line 930
Cake\View\View::render() - CORE/src/View/View.php, line 578
Cake\Controller\Controller::render() - CORE/src/Controller/Controller.php, line 611
Cake\Routing\Dispatcher::_invoke() - CORE/src/Routing/Dispatcher.php, line 120
Cake\Routing\Dispatcher::dispatch() - CORE/src/Routing/Dispatcher.php, line 87
[main] - ROOT/webroot/index.php, line 37



2015-11-29 22:46:30 Notice: Notice (8): Undefined variable: cliente in [/var/www/html/recetas/cake/src/Template/Usuarios/view.ctp, line 9]
Trace:
Cake\Error\BaseErrorHandler::handleError() - CORE/src/Error/BaseErrorHandler.php, line 138
include - APP/Template/Usuarios/view.ctp, line 9
Cake\View\View::_evaluate() - CORE/src/View/View.php, line 970
Cake\View\View::_render() - CORE/src/View/View.php, line 930
Cake\View\View::render() - CORE/src/View/View.php, line 578
Cake\Controller\Controller::render() - CORE/src/Controller/Controller.php, line 611
Cake\Routing\Dispatcher::_invoke() - CORE/src/Routing/Dispatcher.php, line 120
Cake\Routing\Dispatcher::dispatch() - CORE/src/Routing/Dispatcher.php, line 87
[main] - ROOT/webroot/index.php, line 37



2015-11-29 22:46:30 Notice: Notice (8): Trying to get property of non-object in [/var/www/html/recetas/cake/src/Template/Usuarios/view.ctp, line 9]
Trace:
Cake\Error\BaseErrorHandler::handleError() - CORE/src/Error/BaseErrorHandler.php, line 138
include - APP/Template/Usuarios/view.ctp, line 9
Cake\View\View::_evaluate() - CORE/src/View/View.php, line 970
Cake\View\View::_render() - CORE/src/View/View.php, line 930
Cake\View\View::render() - CORE/src/View/View.php, line 578
Cake\Controller\Controller::render() - CORE/src/Controller/Controller.php, line 611
Cake\Routing\Dispatcher::_invoke() - CORE/src/Routing/Dispatcher.php, line 120
Cake\Routing\Dispatcher::dispatch() - CORE/src/Routing/Dispatcher.php, line 87
[main] - ROOT/webroot/index.php, line 37



2015-11-29 22:48:11 Notice: Notice (8): Undefined variable: cliente in [/var/www/html/recetas/cake/src/Template/Usuarios/view.ctp, line 9]
Trace:
Cake\Error\BaseErrorHandler::handleError() - CORE/src/Error/BaseErrorHandler.php, line 138
include - APP/Template/Usuarios/view.ctp, line 9
Cake\View\View::_evaluate() - CORE/src/View/View.php, line 970
Cake\View\View::_render() - CORE/src/View/View.php, line 930
Cake\View\View::render() - CORE/src/View/View.php, line 578
Cake\Controller\Controller::render() - CORE/src/Controller/Controller.php, line 611
Cake\Routing\Dispatcher::_invoke() - CORE/src/Routing/Dispatcher.php, line 120
Cake\Routing\Dispatcher::dispatch() - CORE/src/Routing/Dispatcher.php, line 87
[main] - ROOT/webroot/index.php, line 37



2015-11-29 22:48:11 Notice: Notice (8): Trying to get property of non-object in [/var/www/html/recetas/cake/src/Template/Usuarios/view.ctp, line 9]
Trace:
Cake\Error\BaseErrorHandler::handleError() - CORE/src/Error/BaseErrorHandler.php, line 138
include - APP/Template/Usuarios/view.ctp, line 9
Cake\View\View::_evaluate() - CORE/src/View/View.php, line 970
Cake\View\View::_render() - CORE/src/View/View.php, line 930
Cake\View\View::render() - CORE/src/View/View.php, line 578
Cake\Controller\Controller::render() - CORE/src/Controller/Controller.php, line 611
Cake\Routing\Dispatcher::_invoke() - CORE/src/Routing/Dispatcher.php, line 120
Cake\Routing\Dispatcher::dispatch() - CORE/src/Routing/Dispatcher.php, line 87
[main] - ROOT/webroot/index.php, line 37



2015-11-29 22:48:12 Notice: Notice (8): Undefined variable: cliente in [/var/www/html/recetas/cake/src/Template/Usuarios/view.ctp, line 9]
Trace:
Cake\Error\BaseErrorHandler::handleError() - CORE/src/Error/BaseErrorHandler.php, line 138
include - APP/Template/Usuarios/view.ctp, line 9
Cake\View\View::_evaluate() - CORE/src/View/View.php, line 970
Cake\View\View::_render() - CORE/src/View/View.php, line 930
Cake\View\View::render() - CORE/src/View/View.php, line 578
Cake\Controller\Controller::render() - CORE/src/Controller/Controller.php, line 611
Cake\Routing\Dispatcher::_invoke() - CORE/src/Routing/Dispatcher.php, line 120
Cake\Routing\Dispatcher::dispatch() - CORE/src/Routing/Dispatcher.php, line 87
[main] - ROOT/webroot/index.php, line 37



2015-11-29 22:48:12 Notice: Notice (8): Trying to get property of non-object in [/var/www/html/recetas/cake/src/Template/Usuarios/view.ctp, line 9]
Trace:
Cake\Error\BaseErrorHandler::handleError() - CORE/src/Error/BaseErrorHandler.php, line 138
include - APP/Template/Usuarios/view.ctp, line 9
Cake\View\View::_evaluate() - CORE/src/View/View.php, line 970
Cake\View\View::_render() - CORE/src/View/View.php, line 930
Cake\View\View::render() - CORE/src/View/View.php, line 578
Cake\Controller\Controller::render() - CORE/src/Controller/Controller.php, line 611
Cake\Routing\Dispatcher::_invoke() - CORE/src/Routing/Dispatcher.php, line 120
Cake\Routing\Dispatcher::dispatch() - CORE/src/Routing/Dispatcher.php, line 87
[main] - ROOT/webroot/index.php, line 37



2015-11-29 22:48:21 Notice: Notice (8): Undefined variable: cliente in [/var/www/html/recetas/cake/src/Template/Usuarios/view.ctp, line 9]
Trace:
Cake\Error\BaseErrorHandler::handleError() - CORE/src/Error/BaseErrorHandler.php, line 138
include - APP/Template/Usuarios/view.ctp, line 9
Cake\View\View::_evaluate() - CORE/src/View/View.php, line 970
Cake\View\View::_render() - CORE/src/View/View.php, line 930
Cake\View\View::render() - CORE/src/View/View.php, line 578
Cake\Controller\Controller::render() - CORE/src/Controller/Controller.php, line 611
Cake\Routing\Dispatcher::_invoke() - CORE/src/Routing/Dispatcher.php, line 120
Cake\Routing\Dispatcher::dispatch() - CORE/src/Routing/Dispatcher.php, line 87
[main] - ROOT/webroot/index.php, line 37



2015-11-29 22:48:21 Notice: Notice (8): Trying to get property of non-object in [/var/www/html/recetas/cake/src/Template/Usuarios/view.ctp, line 9]
Trace:
Cake\Error\BaseErrorHandler::handleError() - CORE/src/Error/BaseErrorHandler.php, line 138
include - APP/Template/Usuarios/view.ctp, line 9
Cake\View\View::_evaluate() - CORE/src/View/View.php, line 970
Cake\View\View::_render() - CORE/src/View/View.php, line 930
Cake\View\View::render() - CORE/src/View/View.php, line 578
Cake\Controller\Controller::render() - CORE/src/Controller/Controller.php, line 611
Cake\Routing\Dispatcher::_invoke() - CORE/src/Routing/Dispatcher.php, line 120
Cake\Routing\Dispatcher::dispatch() - CORE/src/Routing/Dispatcher.php, line 87
[main] - ROOT/webroot/index.php, line 37



2015-11-29 22:57:30 Notice: Notice (8): Undefined variable: text in [/var/www/html/recetas/cake/vendor/cakephp/cakephp/src/Core/functions.php, line 40]
Trace:
Cake\Error\BaseErrorHandler::handleError() - CORE/src/Error/BaseErrorHandler.php, line 138
h - CORE/src/Core/functions.php, line 40
include - APP/Template/Usuarios/view.ctp, line 23
Cake\View\View::_evaluate() - CORE/src/View/View.php, line 970
Cake\View\View::_render() - CORE/src/View/View.php, line 930
Cake\View\View::render() - CORE/src/View/View.php, line 578
Cake\Controller\Controller::render() - CORE/src/Controller/Controller.php, line 611
Cake\Routing\Dispatcher::_invoke() - CORE/src/Routing/Dispatcher.php, line 120
Cake\Routing\Dispatcher::dispatch() - CORE/src/Routing/Dispatcher.php, line 87
[main] - ROOT/webroot/index.php, line 37



2015-11-29 22:57:30 Notice: Notice (8): Undefined variable: text in [/var/www/html/recetas/cake/vendor/cakephp/cakephp/src/Core/functions.php, line 42]
Trace:
Cake\Error\BaseErrorHandler::handleError() - CORE/src/Error/BaseErrorHandler.php, line 138
h - CORE/src/Core/functions.php, line 42
include - APP/Template/Usuarios/view.ctp, line 23
Cake\View\View::_evaluate() - CORE/src/View/View.php, line 970
Cake\View\View::_render() - CORE/src/View/View.php, line 930
Cake\View\View::render() - CORE/src/View/View.php, line 578
Cake\Controller\Controller::render() - CORE/src/Controller/Controller.php, line 611
Cake\Routing\Dispatcher::_invoke() - CORE/src/Routing/Dispatcher.php, line 120
Cake\Routing\Dispatcher::dispatch() - CORE/src/Routing/Dispatcher.php, line 87
[main] - ROOT/webroot/index.php, line 37



2015-11-29 22:57:30 Notice: Notice (8): Undefined variable: text in [/var/www/html/recetas/cake/vendor/cakephp/cakephp/src/Core/functions.php, line 48]
Trace:
Cake\Error\BaseErrorHandler::handleError() - CORE/src/Error/BaseErrorHandler.php, line 138
h - CORE/src/Core/functions.php, line 48
include - APP/Template/Usuarios/view.ctp, line 23
Cake\View\View::_evaluate() - CORE/src/View/View.php, line 970
Cake\View\View::_render() - CORE/src/View/View.php, line 930
Cake\View\View::render() - CORE/src/View/View.php, line 578
Cake\Controller\Controller::render() - CORE/src/Controller/Controller.php, line 611
Cake\Routing\Dispatcher::_invoke() - CORE/src/Routing/Dispatcher.php, line 120
Cake\Routing\Dispatcher::dispatch() - CORE/src/Routing/Dispatcher.php, line 87
[main] - ROOT/webroot/index.php, line 37



2015-11-29 22:57:30 Notice: Notice (8): Undefined variable: text in [/var/www/html/recetas/cake/vendor/cakephp/cakephp/src/Core/functions.php, line 54]
Trace:
Cake\Error\BaseErrorHandler::handleError() - CORE/src/Error/BaseErrorHandler.php, line 138
h - CORE/src/Core/functions.php, line 54
include - APP/Template/Usuarios/view.ctp, line 23
Cake\View\View::_evaluate() - CORE/src/View/View.php, line 970
Cake\View\View::_render() - CORE/src/View/View.php, line 930
Cake\View\View::render() - CORE/src/View/View.php, line 578
Cake\Controller\Controller::render() - CORE/src/Controller/Controller.php, line 611
Cake\Routing\Dispatcher::_invoke() - CORE/src/Routing/Dispatcher.php, line 120
Cake\Routing\Dispatcher::dispatch() - CORE/src/Routing/Dispatcher.php, line 87
[main] - ROOT/webroot/index.php, line 37



2015-11-29 22:57:30 Notice: Notice (8): Undefined variable: text in [/var/www/html/recetas/cake/vendor/cakephp/cakephp/src/Core/functions.php, line 68]
Trace:
Cake\Error\BaseErrorHandler::handleError() - CORE/src/Error/BaseErrorHandler.php, line 138
h - CORE/src/Core/functions.php, line 68
include - APP/Template/Usuarios/view.ctp, line 23
Cake\View\View::_evaluate() - CORE/src/View/View.php, line 970
Cake\View\View::_render() - CORE/src/View/View.php, line 930
Cake\View\View::render() - CORE/src/View/View.php, line 578
Cake\Controller\Controller::render() - CORE/src/Controller/Controller.php, line 611
Cake\Routing\Dispatcher::_invoke() - CORE/src/Routing/Dispatcher.php, line 120
Cake\Routing\Dispatcher::dispatch() - CORE/src/Routing/Dispatcher.php, line 87
[main] - ROOT/webroot/index.php, line 37



2015-11-29 23:22:20 Notice: Notice (8): Undefined property: Cake\Database\Connection::$_driver in [/var/www/html/recetas/cake/vendor/cakephp/cakephp/src/Database/Connection.php, line 730]
Trace:
Cake\Error\BaseErrorHandler::handleError() - CORE/src/Error/BaseErrorHandler.php, line 138
Cake\Database\Connection::__debugInfo() - CORE/src/Database/Connection.php, line 730
Cake\Database\Connection::__destruct() - CORE/src/Database/Connection.php, line 122
[main] - [internal], line ??



2015-11-29 23:23:52 Notice: Notice (8): Undefined property: Cake\Database\Connection::$_driver in [/var/www/html/recetas/cake/vendor/cakephp/cakephp/src/Database/Connection.php, line 730]
Trace:
Cake\Error\BaseErrorHandler::handleError() - CORE/src/Error/BaseErrorHandler.php, line 138
Cake\Database\Connection::__debugInfo() - CORE/src/Database/Connection.php, line 730
Cake\Database\Connection::__destruct() - CORE/src/Database/Connection.php, line 122
[main] - [internal], line ??



2015-11-29 23:42:04 Notice: Notice (8): Undefined variable: opciones in [/var/www/html/recetas/cake/src/Template/Usuarios/add.ctp, line 24]
Trace:
Cake\Error\BaseErrorHandler::handleError() - CORE/src/Error/BaseErrorHandler.php, line 138
include - APP/Template/Usuarios/add.ctp, line 24
Cake\View\View::_evaluate() - CORE/src/View/View.php, line 970
Cake\View\View::_render() - CORE/src/View/View.php, line 930
Cake\View\View::render() - CORE/src/View/View.php, line 578
Cake\Controller\Controller::render() - CORE/src/Controller/Controller.php, line 611
Cake\Routing\Dispatcher::_invoke() - CORE/src/Routing/Dispatcher.php, line 120
Cake\Routing\Dispatcher::dispatch() - CORE/src/Routing/Dispatcher.php, line 87
[main] - ROOT/webroot/index.php, line 37



2015-11-29 23:59:21 Notice: Notice (8): Undefined property: Cake\Database\Connection::$_driver in [/var/www/html/recetas/cake/vendor/cakephp/cakephp/src/Database/Connection.php, line 730]
Trace:
Cake\Error\BaseErrorHandler::handleError() - CORE/src/Error/BaseErrorHandler.php, line 138
Cake\Database\Connection::__debugInfo() - CORE/src/Database/Connection.php, line 730
Cake\Database\Connection::__destruct() - CORE/src/Database/Connection.php, line 122
[main] - [internal], line ??



2015-11-29 23:59:21 Notice: Notice (8): Undefined property: Cake\Database\Connection::$_driver in [/var/www/html/recetas/cake/vendor/cakephp/cakephp/src/Database/Connection.php, line 730]
Trace:
Cake\Error\BaseErrorHandler::handleError() - CORE/src/Error/BaseErrorHandler.php, line 138
Cake\Database\Connection::__debugInfo() - CORE/src/Database/Connection.php, line 730
Cake\Database\Connection::__destruct() - CORE/src/Database/Connection.php, line 122
[main] - [internal], line ??



2015-11-30 00:06:36 Notice: Notice (8): Undefined variable: fieldName in [/var/www/html/recetas/cake/vendor/cakephp/cakephp/src/View/Helper/FormHelper.php, line 2279]
Trace:
Cake\Error\BaseErrorHandler::handleError() - CORE/src/Error/BaseErrorHandler.php, line 138
Cake\View\Helper\FormHelper::time() - CORE/src/View/Helper/FormHelper.php, line 2279
include - APP/Template/Usuarios/add.ctp, line 33
Cake\View\View::_evaluate() - CORE/src/View/View.php, line 970
Cake\View\View::_render() - CORE/src/View/View.php, line 930
Cake\View\View::render() - CORE/src/View/View.php, line 578
Cake\Controller\Controller::render() - CORE/src/Controller/Controller.php, line 611
Cake\Routing\Dispatcher::_invoke() - CORE/src/Routing/Dispatcher.php, line 120
Cake\Routing\Dispatcher::dispatch() - CORE/src/Routing/Dispatcher.php, line 87
[main] - ROOT/webroot/index.php, line 37



