2015-12-15 07:34:09 Error: [Cake\Routing\Exception\MissingControllerException] Controller class RecetaPasos could not be found.
Exception Attributes: array (
  'class' => 'RecetaPasos',
  'plugin' => NULL,
  'prefix' => NULL,
  '_ext' => NULL,
)
Request URL: /recetas/cake/receta-pasos
Stack Trace:
#0 C:\xampp\htdocs\recetas\cake\webroot\index.php(37): Cake\Routing\Dispatcher->dispatch(Object(Cake\Network\Request), Object(Cake\Network\Response))
#1 {main}


2015-12-15 07:35:05 Error: [Cake\Routing\Exception\MissingControllerException] Controller class MenuPlatos could not be found.
Exception Attributes: array (
  'class' => 'MenuPlatos',
  'plugin' => NULL,
  'prefix' => NULL,
  '_ext' => NULL,
)
Request URL: /recetas/cake/menu-platos/add
Stack Trace:
#0 C:\xampp\htdocs\recetas\cake\webroot\index.php(37): Cake\Routing\Dispatcher->dispatch(Object(Cake\Network\Request), Object(Cake\Network\Response))
#1 {main}


2015-12-15 07:45:53 Error: [Cake\View\Exception\MissingTemplateException] Template file "MenuPlatos\index.ctp" is missing.
Exception Attributes: array (
  'file' => 'MenuPlatos\\index.ctp',
)
Request URL: /recetas/cake/menu-platos
Stack Trace:
#0 C:\xampp\htdocs\recetas\cake\vendor\cakephp\cakephp\src\View\View.php(575): Cake\View\View->_getViewFileName(NULL)
#1 C:\xampp\htdocs\recetas\cake\vendor\cakephp\cakephp\src\Controller\Controller.php(611): Cake\View\View->render(NULL, NULL)
#2 C:\xampp\htdocs\recetas\cake\vendor\cakephp\cakephp\src\Routing\Dispatcher.php(120): Cake\Controller\Controller->render()
#3 C:\xampp\htdocs\recetas\cake\vendor\cakephp\cakephp\src\Routing\Dispatcher.php(87): Cake\Routing\Dispatcher->_invoke(Object(App\Controller\MenuPlatosController))
#4 C:\xampp\htdocs\recetas\cake\webroot\index.php(37): Cake\Routing\Dispatcher->dispatch(Object(Cake\Network\Request), Object(Cake\Network\Response))
#5 {main}


